********************************************************************************
PACKAGE-LOG: 2016-03-09 18:29:36
NOTICE: Do NOT post to public sites or forums 
********************************************************************************
VERSION:	1.1.4
WORDPRESS:	4.4.2
PHP INFO:	5.3.29 | SAPI: apache2handler
SERVER:		Apache/2.2.29 (Win32) 
PHP TIME LIMIT: (0) no time limit imposed 
PHP MAX MEMORY: 5000M (-1 default) 
MEMORY STACK: 24.25MB 

********************************************************************************
DATABASE:
********************************************************************************
BUILD MODE:   PHP(query limit - 100)
MYSQLTIMEOUT: 5000
MYSQLDUMP:    Not Supported 
TABLES: total:13 | filtered:0 | create:13 
FILTERED: [] 
SQL CREATED: 20160309_classic_56e06b7ddc96d3425160309182917_database.sql 
SQL FILE SIZE: 195.88KB (200584) 
SQL FILE TIME: 2016-03-09 18:29:37 
SQL RUNTIME: 0.12 sec. 

******************************************************************************** 
ARCHIVE (ZIP): 
******************************************************************************** 
ARCHIVE DIR:  E:/Geekhub/GH-Frontend-5/wordpress 
ARCHIVE FILE: 20160309_classic_56e06b7ddc96d3425160309182917_archive.zip 
FILTERS: *OFF* 
DIRS:  not set 
EXTS:  not set 
---------------------------------------- 
COMPRESSING 
SIZE:	34.01MB 
STATS:	Dirs 424 | Files 2,032 
SQL ADDED: 20160309_classic_56e06b7ddc96d3425160309182917_database.sql 
ZipArchive Object
(
    [status] => 0
    [statusSys] => 0
    [numFiles] => 2456
    [filename] => E:\Geekhub\GH-Frontend-5\wordpress\wp-snapshots\tmp\20160309_classic_56e06b7ddc96d3425160309182917_archive.zip
    [comment] => 
)
 
COMPRESSION RESULT: '1' 
COMPRESSED SIZE: 14.55MB 
ARCHIVE RUNTIME: 18.18 sec. 
MEMORY STACK: 25MB 

******************************************************************************** 
MAKE INSTALLER: 
******************************************************************************** 
Build Start 
Build Finished 
Preping for use 
Template parsed with new data 
Complete [E:/Geekhub/GH-Frontend-5/wordpress/wp-snapshots/tmp/20160309_classic_56e06b7ddc96d3425160309182917_installer.php] 
Added to archive 

******************************************************************************** 
INTEGRITY CHECKS: 
******************************************************************************** 
SQL File: 195.88KB 
Installer File: 318.83KB 
Archive File: 14.55MB  

********************************************************************************
RECORD ID:[1]
TOTAL PROCESS RUNTIME: 20.67 sec.
PEAK PHP MEMORY USED: 27.5MB
DONE PROCESSING => 20160309_classic 2016-03-09 18:29:57
 
